<?xml version="1.0" encoding="UTF-8"?>
<coverage generated="1712678863735" clover="3.2.0">
  <project timestamp="1712678863735" name="All files">
    <metrics statements="7" coveredstatements="7" conditionals="0" coveredconditionals="0" methods="4" coveredmethods="4" elements="11" coveredelements="11" complexity="0" loc="7" ncloc="7" packages="1" files="3" classes="3"/>
    <file name="calculator.js" path="C:\Users\yatha\yatharth\developement\FrontEnd\Advance JAVASCRIPT\Advanced-DOM-Writing-Test\Writting-with-Jest\calculator.js">
      <metrics statements="3" coveredstatements="3" conditionals="0" coveredconditionals="0" methods="2" coveredmethods="2"/>
      <line num="2" count="1" type="stmt"/>
      <line num="6" count="1" type="stmt"/>
      <line num="9" count="1" type="stmt"/>
    </file>
    <file name="sub.js" path="C:\Users\yatha\yatharth\developement\FrontEnd\Advance JAVASCRIPT\Advanced-DOM-Writing-Test\Writting-with-Jest\sub.js">
      <metrics statements="2" coveredstatements="2" conditionals="0" coveredconditionals="0" methods="1" coveredmethods="1"/>
      <line num="2" count="1" type="stmt"/>
      <line num="5" count="1" type="stmt"/>
    </file>
    <file name="sum.js" path="C:\Users\yatha\yatharth\developement\FrontEnd\Advance JAVASCRIPT\Advanced-DOM-Writing-Test\Writting-with-Jest\sum.js">
      <metrics statements="2" coveredstatements="2" conditionals="0" coveredconditionals="0" methods="1" coveredmethods="1"/>
      <line num="2" count="1" type="stmt"/>
      <line num="5" count="1" type="stmt"/>
    </file>
  </project>
</coverage>
