{"C:\\Users\\yatha\\yatharth\\developement\\FrontEnd\\Advance JAVASCRIPT\\Advanced-DOM-Writing-Test\\Writting-with-Jest\\calculator.js": {"path":"C:\\Users\\yatha\\yatharth\\developement\\FrontEnd\\Advance JAVASCRIPT\\Advanced-DOM-Writing-Test\\Writting-with-Jest\\calculator.js","statementMap":{"0":{"start":{"line":2,"column":2},"end":{"line":2,"column":15}},"1":{"start":{"line":6,"column":2},"end":{"line":6,"column":15}},"2":{"start":{"line":9,"column":0},"end":{"line":12,"column":2}}},"fnMap":{"0":{"name":"sub","decl":{"start":{"line":1,"column":9},"end":{"line":1,"column":12}},"loc":{"start":{"line":1,"column":19},"end":{"line":3,"column":1}},"line":1},"1":{"name":"sum","decl":{"start":{"line":5,"column":9},"end":{"line":5,"column":12}},"loc":{"start":{"line":5,"column":19},"end":{"line":7,"column":1}},"line":5}},"branchMap":{},"s":{"0":1,"1":1,"2":1},"f":{"0":1,"1":1},"b":{},"_coverageSchema":"1a1c01bbd47fc00a2c39e90264f33305004495a9","hash":"4ba4fa9bb9d3c85e75cae8fa75011228f3b71349"}
,"C:\\Users\\yatha\\yatharth\\developement\\FrontEnd\\Advance JAVASCRIPT\\Advanced-DOM-Writing-Test\\Writting-with-Jest\\sub.js": {"path":"C:\\Users\\yatha\\yatharth\\developement\\FrontEnd\\Advance JAVASCRIPT\\Advanced-DOM-Writing-Test\\Writting-with-Jest\\sub.js","statementMap":{"0":{"start":{"line":2,"column":2},"end":{"line":2,"column":15}},"1":{"start":{"line":5,"column":0},"end":{"line":5,"column":21}}},"fnMap":{"0":{"name":"sub","decl":{"start":{"line":1,"column":9},"end":{"line":1,"column":12}},"loc":{"start":{"line":1,"column":19},"end":{"line":3,"column":1}},"line":1}},"branchMap":{},"s":{"0":1,"1":1},"f":{"0":1},"b":{},"_coverageSchema":"1a1c01bbd47fc00a2c39e90264f33305004495a9","hash":"1aebe98700a1103bafc7b8a8b17b87b24c207087"}
,"C:\\Users\\yatha\\yatharth\\developement\\FrontEnd\\Advance JAVASCRIPT\\Advanced-DOM-Writing-Test\\Writting-with-Jest\\sum.js": {"path":"C:\\Users\\yatha\\yatharth\\developement\\FrontEnd\\Advance JAVASCRIPT\\Advanced-DOM-Writing-Test\\Writting-with-Jest\\sum.js","statementMap":{"0":{"start":{"line":2,"column":2},"end":{"line":2,"column":15}},"1":{"start":{"line":5,"column":0},"end":{"line":5,"column":21}}},"fnMap":{"0":{"name":"sum","decl":{"start":{"line":1,"column":9},"end":{"line":1,"column":12}},"loc":{"start":{"line":1,"column":19},"end":{"line":3,"column":1}},"line":1}},"branchMap":{},"s":{"0":1,"1":1},"f":{"0":1},"b":{},"_coverageSchema":"1a1c01bbd47fc00a2c39e90264f33305004495a9","hash":"0d5328fb6117e2cc3e8c32d7b514c5b527eb71c5"}
}
